CSE-327/App_Odhyayon/app/build/intermediates/manifest_merge_blame_file/debug/manifest-merger-blame-debug-report.txt
1<?xml version="1.0" encoding="utf-8"?>
2<manifest xmlns:android="http://schemas.android.com/apk/res/android"
3    package="com.firstapp.myapplication"
4    android:versionCode="1"
5    android:versionName="1.0" >
6
7    <uses-sdk
8        android:minSdkVersion="24"
8-->src\main\AndroidManifest.xml
9        android:targetSdkVersion="31" />
9-->src\main\AndroidManifest.xml
10
11    <application
11-->src\main\AndroidManifest.xml:5:5-41:19
12        android:allowBackup="true"
12-->src\main\AndroidManifest.xml:6:9-35
13        android:appComponentFactory="android.support.v4.app.CoreComponentFactory"
13-->[com.android.support:support-compat:28.0.0] AndroidManifest.xml:22:18-91
14        android:debuggable="true"
15        android:extractNativeLibs="false"
16        android:icon="@mipmap/ic_launcher"
16-->src\main\AndroidManifest.xml:7:9-43
17        android:label="@string/app_name"
17-->src\main\AndroidManifest.xml:8:9-41
18        android:roundIcon="@mipmap/ic_launcher_round"
18-->src\main\AndroidManifest.xml:9:9-54
19        android:supportsRtl="true"
19-->src\main\AndroidManifest.xml:10:9-35
20        android:testOnly="true"
21        android:theme="@style/Theme.MyApplication" >
21-->src\main\AndroidManifest.xml:11:9-51
22        <activity
22-->src\main\AndroidManifest.xml:12:9-14:39
23            android:name="com.firstapp.myapplication.studentlogin"
23-->src\main\AndroidManifest.xml:13:13-41
24            android:exported="true" />
24-->src\main\AndroidManifest.xml:14:13-36
25        <activity
25-->src\main\AndroidManifest.xml:15:9-17:39
26            android:name="com.firstapp.myapplication.teacherlogin"
26-->src\main\AndroidManifest.xml:16:13-41
27            android:exported="true" />
27-->src\main\AndroidManifest.xml:17:13-36
28        <activity
28-->src\main\AndroidManifest.xml:18:9-21:67
29            android:name="com.firstapp.myapplication.ui.login.teacherlogin"
29-->src\main\AndroidManifest.xml:19:13-50
30            android:exported="true"
30-->src\main\AndroidManifest.xml:20:13-36
31            android:label="@string/title_activity_teacherlogin" />
31-->src\main\AndroidManifest.xml:21:13-64
32        <activity
32-->src\main\AndroidManifest.xml:22:9-24:39
33            android:name="com.firstapp.myapplication.usercheck_signup"
33-->src\main\AndroidManifest.xml:23:13-45
34            android:exported="true" />
34-->src\main\AndroidManifest.xml:24:13-36
35        <activity
35-->src\main\AndroidManifest.xml:25:9-27:39
36            android:name="com.firstapp.myapplication.usercheck_login"
36-->src\main\AndroidManifest.xml:26:13-44
37            android:exported="true" />
37-->src\main\AndroidManifest.xml:27:13-36
38        <activity
38-->src\main\AndroidManifest.xml:28:9-36:20
39            android:name="com.firstapp.myapplication.MainActivity"
39-->src\main\AndroidManifest.xml:29:13-41
40            android:exported="true" >
40-->src\main\AndroidManifest.xml:30:13-36
41            <intent-filter>
41-->src\main\AndroidManifest.xml:31:13-35:29
42                <action android:name="android.intent.action.MAIN" />
42-->src\main\AndroidManifest.xml:32:17-69
42-->src\main\AndroidManifest.xml:32:25-66
43
44                <category android:name="android.intent.category.LAUNCHER" />
44-->src\main\AndroidManifest.xml:34:17-77
44-->src\main\AndroidManifest.xml:34:27-74
45            </intent-filter>
46        </activity>
47
48        <meta-data
48-->src\main\AndroidManifest.xml:38:9-40:57
49            android:name="preloaded_fonts"
49-->src\main\AndroidManifest.xml:39:13-43
50            android:resource="@array/preloaded_fonts" />
50-->src\main\AndroidManifest.xml:40:13-54
51    </application>
52
53</manifest>